2025-03-12 14:59:49,042 - INFO - Starting breakout strategy for NASDAQ CFD on 2025-03-12
2025-03-12 14:59:49,049 - INFO - sent startApi
2025-03-12 14:59:49,049 - INFO - REQUEST startApi {}
2025-03-12 14:59:49,049 - INFO - SENDING startApi b'\x00\x00\x00\n71\x002\x00123\x00\x00'
2025-03-12 14:59:49,050 - INFO - ANSWER connectAck {}
2025-03-12 14:59:49,051 - INFO - ANSWER managedAccounts {'accountsList': 'DU8386775'}
2025-03-12 14:59:49,051 - INFO - Next valid order ID received: 1
2025-03-12 14:59:49,052 - ERROR - Error 2104: Market data farm connection is OK:hfarm
2025-03-12 14:59:49,052 - ERROR - Error 2104: Market data farm connection is OK:usfarm.nj
2025-03-12 14:59:49,052 - ERROR - Error 2104: Market data farm connection is OK:jfarm
2025-03-12 14:59:49,052 - ERROR - Error 2104: Market data farm connection is OK:usfuture
2025-03-12 14:59:49,052 - ERROR - Error 2104: Market data farm connection is OK:cashfarm
2025-03-12 14:59:49,052 - ERROR - Error 2104: Market data farm connection is OK:eufarmnj
2025-03-12 14:59:49,052 - ERROR - Error 2104: Market data farm connection is OK:usfarm
2025-03-12 14:59:49,052 - ERROR - Error 2106: HMDS data farm connection is OK:euhmds
2025-03-12 14:59:49,053 - ERROR - Error 2106: HMDS data farm connection is OK:fundfarm
2025-03-12 14:59:49,053 - ERROR - Error 2106: HMDS data farm connection is OK:ushmds
2025-03-12 14:59:49,053 - ERROR - Error 2158: Sec-def data farm connection is OK:secdefil
2025-03-12 14:59:51,083 - INFO - Waiting 45.1 minutes until 09:30 +15 minutes...
2025-03-12 15:00:37,738 - INFO - Starting breakout strategy for NASDAQ CFD on 2025-03-12
2025-03-12 15:00:37,750 - INFO - sent startApi
2025-03-12 15:00:37,750 - INFO - REQUEST startApi {}
2025-03-12 15:00:37,750 - INFO - SENDING startApi b'\x00\x00\x00\n71\x002\x00123\x00\x00'
2025-03-12 15:00:37,750 - INFO - ANSWER connectAck {}
2025-03-12 15:00:37,753 - INFO - Next valid order ID received: 1
2025-03-12 15:00:37,753 - INFO - ANSWER managedAccounts {'accountsList': 'DU8386775'}
2025-03-12 15:00:37,753 - ERROR - Error 2104: Market data farm connection is OK:hfarm
2025-03-12 15:00:37,753 - ERROR - Error 2104: Market data farm connection is OK:usfarm.nj
2025-03-12 15:00:37,753 - ERROR - Error 2104: Market data farm connection is OK:jfarm
2025-03-12 15:00:37,753 - ERROR - Error 2104: Market data farm connection is OK:usfuture
2025-03-12 15:00:37,753 - ERROR - Error 2104: Market data farm connection is OK:cashfarm
2025-03-12 15:00:37,753 - ERROR - Error 2104: Market data farm connection is OK:eufarmnj
2025-03-12 15:00:37,753 - ERROR - Error 2104: Market data farm connection is OK:usfarm
2025-03-12 15:00:37,753 - ERROR - Error 2106: HMDS data farm connection is OK:euhmds
2025-03-12 15:00:37,753 - ERROR - Error 2106: HMDS data farm connection is OK:fundfarm
2025-03-12 15:00:37,753 - ERROR - Error 2106: HMDS data farm connection is OK:ushmds
2025-03-12 15:00:37,753 - ERROR - Error 2158: Sec-def data farm connection is OK:secdefil
2025-03-12 15:00:39,793 - INFO - Waiting 44.3 minutes until 09:30 +15 minutes...
